2015/01/21 19:37:43 new func main

2015/01/21 19:37:43 ServiceManagement.Status

2015/01/21 19:39:14 new func main

2015/01/21 19:39:14 ServiceManagement.Status

2015/01/21 19:49:28 new func main

2015/01/21 19:49:28 ServiceManager.InstallService

2015/01/21 19:49:28 RemoveService: %s, err: %s Install my service:					[  [32mOK[0m  ] <nil>
2015/01/21 19:49:58 new func main

2015/01/21 19:49:58 ServiceManager.RemoveService

2015/01/21 19:49:58 RemoveService: %s, err: %s Removing :					[  [32mOK[0m  ] <nil>
2015/01/21 20:14:39 new func main

2015/01/21 20:14:39 ServiceManagement.Status not supported

2015/01/21 20:14:54 new func main

2015/01/21 20:14:54 ServiceManager.InstallService

2015/01/21 20:14:54 InstallService: %s, err: %s Install my service:					[  [32mOK[0m  ] <nil>
2015/01/21 20:14:58 new func main

2015/01/21 20:14:58 ServiceManager.StartService

2015/01/21 20:14:59 StartService: %s, err: %s Starting :					[  [32mOK[0m  ] <nil>
2015/01/21 20:15:17 new func main

2015/01/21 20:15:17 ServiceManager.StopService

2015/01/21 20:15:17 StopService: %s, err: %s Stopping :					[[31mFAILED[0m] service already stopped
2015/01/21 20:15:17 failed to stop oleservice win: service already stopped
2015/01/21 20:24:30 new func main

2015/01/21 20:24:30 ServiceManager.RemoveService

2015/01/21 20:24:30 RemoveService: %s, err: %s Removing :					[  [32mOK[0m  ] <nil>
2015/01/21 20:29:19 new func main

2015/01/21 20:29:19 ServiceManager.RemoveService

2015/01/21 20:29:19 RemoveService: %s, err: %s Removing :					[[31mFAILED[0m]  is not installed
2015/01/21 20:29:19 failed to remove oleservice win:  is not installed
2015/01/21 20:29:31 os.Getpid: %!s(int=11814) 
2015/01/21 20:29:31 os.Getppid: %!s(int=11694) 
2015/01/21 20:29:31 os.Getuid: %!s(int=0) 
2015/01/21 20:29:31 os.Getpid: %!s(int=11814) 
2015/01/21 20:29:31 os.Getpid: %!s(int=11814) 
2015/01/21 20:29:31 os.Getpid: %!s(int=11814) 
2015/01/21 20:29:31 os.Getpid: %!s(int=11814) 
2015/01/21 20:29:31 os.Getpid: %!s(int=11814) 
2015/01/21 20:29:31 os.Getpid: %!s(int=11814) 
2015/01/21 20:29:31 IsAnInteractiveSessioin

2015/01/21 20:29:31 Getegid: %!s(int=0)  
2015/01/21 20:29:31 new func main

2015/01/21 20:29:31 ServiceManager.InstallService

2015/01/21 20:29:31 InstallService: %s, err: %s Install my service:					[  [32mOK[0m  ] <nil>
2015/01/21 20:29:36 os.Getpid: %!s(int=11829) 
2015/01/21 20:29:36 os.Getppid: %!s(int=11694) 
2015/01/21 20:29:36 os.Getuid: %!s(int=0) 
2015/01/21 20:29:36 os.Getpid: %!s(int=11829) 
2015/01/21 20:29:36 os.Getpid: %!s(int=11829) 
2015/01/21 20:29:36 os.Getpid: %!s(int=11829) 
2015/01/21 20:29:36 os.Getpid: %!s(int=11829) 
2015/01/21 20:29:36 os.Getpid: %!s(int=11829) 
2015/01/21 20:29:36 os.Getpid: %!s(int=11829) 
2015/01/21 20:29:36 IsAnInteractiveSessioin

2015/01/21 20:29:36 Getegid: %!s(int=0)  
2015/01/21 20:29:36 new func main

2015/01/21 20:29:36 ServiceManager.StartService

2015/01/21 20:29:36 StartService: %s, err: %s Starting :					[[31mFAILED[0m] exit status 7
2015/01/21 20:29:36 failed to start oleservice win: exit status 7
2015/01/21 20:30:37 os.Getpid: %!s(int=11887) 
2015/01/21 20:30:37 os.Getppid: %!s(int=11694) 
2015/01/21 20:30:37 os.Getuid: %!s(int=0) 
2015/01/21 20:30:37 IsAnInteractiveSessioin

2015/01/21 20:30:37 Getegid: %!s(int=0)  
2015/01/21 20:30:37 new func main

2015/01/21 20:30:37 ServiceManager.RemoveService

2015/01/21 20:30:37 RemoveService: %s, err: %s Removing :					[  [32mOK[0m  ] <nil>
2015/01/21 20:31:36 os.Getpid: %!s(int=11922) 
2015/01/21 20:31:36 os.Getppid: %!s(int=11694) 
2015/01/21 20:31:36 os.Getuid: %!s(int=0) 
2015/01/21 20:31:36 IsAnInteractiveSessioin

2015/01/21 20:31:36 Getegid: %!s(int=0)  
2015/01/21 20:31:36 new func main

2015/01/21 20:31:36 ServiceManager.RemoveService

2015/01/21 20:31:36 RemoveService: %s, err: %s Removing :					[[31mFAILED[0m]  is not installed
2015/01/21 20:31:36 failed to remove oleservice win:  is not installed
2015/01/21 20:31:39 os.Getpid: %!s(int=11937) 
2015/01/21 20:31:39 os.Getppid: %!s(int=11694) 
2015/01/21 20:31:39 os.Getuid: %!s(int=0) 
2015/01/21 20:31:39 IsAnInteractiveSessioin

2015/01/21 20:31:39 Getegid: %!s(int=0)  
2015/01/21 20:31:39 new func main

2015/01/21 20:31:39 ServiceManager.InstallService

2015/01/21 20:31:39 InstallService: %s, err: %s Install my service:					[  [32mOK[0m  ] <nil>
2015/01/21 20:31:43 os.Getpid: %!s(int=11952) 
2015/01/21 20:31:43 os.Getppid: %!s(int=11694) 
2015/01/21 20:31:43 os.Getuid: %!s(int=0) 
2015/01/21 20:31:43 IsAnInteractiveSessioin

2015/01/21 20:31:43 Getegid: %!s(int=0)  
2015/01/21 20:31:43 new func main

2015/01/21 20:31:43 ServiceManager.StartService

2015/01/21 20:31:43 StartService: %s, err: %s Starting :					[[31mFAILED[0m] exit status 7
2015/01/21 20:31:43 failed to start oleservice win: exit status 7
2015/01/21 20:34:06 os.Getpid: %!s(int=12040) 
2015/01/21 20:34:06 os.Getppid: %!s(int=11990) 
2015/01/21 20:34:06 os.Getuid: %!s(int=0) 
2015/01/21 20:34:06 IsAnInteractiveSessioin

2015/01/21 20:34:06 Getegid: %!s(int=0)  
2015/01/21 20:36:10 os.Getpid: %!s(int=12128) 
2015/01/21 20:36:10 os.Getppid: %!s(int=11990) 
2015/01/21 20:36:10 os.Getuid: %!s(int=0) 
2015/01/21 20:36:10 IsAnInteractiveSessioin

2015/01/21 20:36:10 Getegid: %!s(int=0)  
2015/01/21 20:36:10 runService()

2015/01/21 20:36:10 Manage() loop

2015/01/21 20:36:14 Got signal: interrupt 

2015/01/21 20:36:14 Stoping listening on  [::]:9977 

2015/01/21 20:36:38 os.Getpid: %!s(int=12199) 
2015/01/21 20:36:38 os.Getppid: %!s(int=12136) 
2015/01/21 20:36:38 os.Getuid: %!s(int=0) 
2015/01/21 20:36:38 IsAnInteractiveSessioin

2015/01/21 20:36:38 Getegid: %!s(int=0)  
2015/01/21 20:36:38 new func main

2015/01/21 20:36:38 ServiceManager.RemoveService

2015/01/21 20:36:38 RemoveService: %s, err: %s Removing :					[  [32mOK[0m  ] <nil>
2015/01/21 20:36:42 os.Getpid: %!s(int=12214) 
2015/01/21 20:36:42 os.Getppid: %!s(int=12136) 
2015/01/21 20:36:42 os.Getuid: %!s(int=0) 
2015/01/21 20:36:42 IsAnInteractiveSessioin

2015/01/21 20:36:42 Getegid: %!s(int=0)  
2015/01/21 20:36:42 new func main

2015/01/21 20:36:42 ServiceManager.InstallService

2015/01/21 20:36:42 InstallService: %s, err: %s Install my service:					[  [32mOK[0m  ] <nil>
2015/01/21 20:36:52 os.Getpid: %!s(int=12229) 
2015/01/21 20:36:52 os.Getppid: %!s(int=12136) 
2015/01/21 20:36:52 os.Getuid: %!s(int=0) 
2015/01/21 20:36:52 IsAnInteractiveSessioin

2015/01/21 20:36:52 Getegid: %!s(int=0)  
2015/01/21 20:36:52 new func main

2015/01/21 20:36:52 ServiceManager.StartService

2015/01/21 20:36:52 StartService: %s, err: %s Starting :					[[31mFAILED[0m] exit status 7
2015/01/21 20:36:52 failed to start oleservice win: exit status 7
2015/01/21 20:37:31 os.Getpid: %!s(int=12319) 
2015/01/21 20:37:31 os.Getppid: %!s(int=1) 
2015/01/21 20:37:31 os.Getuid: %!s(int=0) 
2015/01/21 20:37:31 IsAnInteractiveSessioin

2015/01/21 20:37:31 Getegid: %!s(int=0)  
2015/01/21 20:37:31 runService()

2015/01/21 20:37:31 Manage() loop

2015/01/21 20:38:08 Got signal: terminated 

2015/01/21 20:38:08 Stoping listening on  [::]:9977 

2015/01/21 20:38:10 os.Getpid: %!s(int=12369) 
2015/01/21 20:38:10 os.Getppid: %!s(int=12136) 
2015/01/21 20:38:10 os.Getuid: %!s(int=0) 
2015/01/21 20:38:10 IsAnInteractiveSessioin

2015/01/21 20:38:10 Getegid: %!s(int=0)  
2015/01/21 20:38:10 new func main

2015/01/21 20:38:10 ServiceManager.RemoveService

2015/01/21 20:38:10 RemoveService: %s, err: %s Removing :					[  [32mOK[0m  ] <nil>
2015/01/21 21:12:05 new func main

2015/01/21 21:12:05 ServiceManager.RemoveService

2015/01/21 21:12:05 RemoveService: %s, err: %s Removing oleservice win:					[[31mFAILED[0m] oleservice win is not installed
2015/01/21 21:12:05 failed to remove oleservice: oleservice win is not installed
2015/01/21 21:12:09 new func main

2015/01/21 21:12:09 ServiceManager.InstallService

2015/01/21 21:12:09 InstallService: %s, err: %s Install oleservice win:					[  [32mOK[0m  ] <nil>
2015/01/21 21:12:17 new func main

2015/01/21 21:12:17 ServiceManagement.Status not supported

2015/01/21 21:12:25 new func main

2015/01/21 21:12:25 ServiceManager.StartService

2015/01/21 21:12:25 StartService: %s, err: %s Starting oleservice win:					[[31mFAILED[0m] exit status 7
2015/01/21 21:12:25 failed to start oleservice: exit status 7
2015/01/21 21:12:34 new func main

2015/01/21 21:12:34 ServiceManager.StopService

2015/01/21 21:12:34 StopService: %s, err: %s Stopping oleservice win:					[[31mFAILED[0m] service already stopped
2015/01/21 21:12:34 failed to stop oleservice: service already stopped
2015/01/21 21:12:37 new func main

2015/01/21 21:12:37 ServiceManager.RemoveService

2015/01/21 21:12:37 RemoveService: %s, err: %s Removing oleservice win:					[  [32mOK[0m  ] <nil>
2015/01/23 18:47:54 new func main

2015/01/23 18:47:54 ServiceManager.InstallService

2015/01/23 18:47:58 new func main

2015/01/23 18:47:58 ServiceManager.StartService

2015/01/23 18:47:58 Connected mgr

2015/01/23 18:47:58 Opened Service

2015/01/23 18:47:58 Start: args: [p1 p2 p3]
2015/01/23 18:47:58 Start [0x11920760 0x1192076a 0x11920784] 
2015/01/23 18:47:58 failed to start oleservice: could not start service: %1 is not a valid Win32 application.
2015/01/23 18:48:16 new func main

2015/01/23 18:48:16 ServiceManager.StopService

2015/01/23 18:48:16 controlService: oleservice 
2015/01/23 18:48:16 failed to stop oleservice: could not send control=1: The service has not been started.
2015/01/23 18:48:17 new func main

2015/01/23 18:48:17 ServiceManager.RemoveService

